<?xml version="1.0" encoding="UTF-8"?>
<!-- Generated by org.testng.reporters.JUnitReportReporter -->
<testsuite skipped="0" hostname="dsk-dipak" name="com.unify.testPages.DashboardPageTest" tests="3" failures="0" timestamp="28 Jan 2020 07:33:19 GMT" time="13.141" errors="0">
  <testcase name="VerifyAllLinks" time="4.772" classname="com.unify.testPages.DashboardPageTest"/>
  <testcase name="VerifyLogoOnDashboard" time="4.156" classname="com.unify.testPages.DashboardPageTest"/>
  <testcase name="VerifyWelcomeLinks" time="4.213" classname="com.unify.testPages.DashboardPageTest"/>
</testsuite> <!-- com.unify.testPages.DashboardPageTest -->
