<?xml version="1.0" encoding="UTF-8"?>
<!-- Generated by org.testng.reporters.JUnitReportReporter -->
<testsuite skipped="0" hostname="dsk-dipak" name="com.unify.testPages.BillingPageTest" tests="1" failures="0" timestamp="28 Jan 2020 10:54:40 GMT" time="11.716" errors="0">
  <testcase name="VerifyRC_Charges" time="11.716" classname="com.unify.testPages.BillingPageTest"/>
</testsuite> <!-- com.unify.testPages.BillingPageTest -->
