<?xml version="1.0" encoding="UTF-8"?>
<!-- Generated by org.testng.reporters.JUnitReportReporter -->
<testsuite skipped="0" hostname="dsk-dipak" name="com.unify.testPages.LoginPageTest" tests="4" failures="0" timestamp="28 Jan 2020 07:33:19 GMT" time="68.099" errors="0">
  <testcase name="verifyiNVALIDLogin" time="44.912" classname="com.unify.testPages.LoginPageTest"/>
  <testcase name="verifyTextOnLoginPage" time="7.876" classname="com.unify.testPages.LoginPageTest"/>
  <testcase name="verifyLogOut" time="10.122" classname="com.unify.testPages.LoginPageTest"/>
  <testcase name="verifyLogin" time="5.189" classname="com.unify.testPages.LoginPageTest"/>
</testsuite> <!-- com.unify.testPages.LoginPageTest -->
