<?xml version="1.0" encoding="UTF-8"?>
<!-- Generated by org.testng.reporters.JUnitReportReporter -->
<testsuite skipped="0" hostname="dsk-dipak" name="com.unify.testPages.CalculateTimeTest" tests="1" failures="0" timestamp="28 Jan 2020 07:33:19 GMT" time="48.118" errors="0">
  <testcase name="veriySearchTime" time="48.118" classname="com.unify.testPages.CalculateTimeTest"/>
</testsuite> <!-- com.unify.testPages.CalculateTimeTest -->
